<?xml version="1.0" encoding="UTF-8"?>
<!-- Generated by org.testng.reporters.JUnitReportReporter -->
<testsuite hostname="DESKTOP-GV8U5IU" failures="0" tests="2" name="sample3.HeadersDemo" time="3.917" errors="0" timestamp="2023-01-13T16:11:17 WAT" skipped="0">
  <testcase classname="sample3.HeadersDemo" name="testHeaders" time="0.697"/>
  <system-out/>
  <testcase classname="sample3.HeadersDemo" name="getHeadersInfo" time="3.220"/>
  <system-out/>
</testsuite> <!-- sample3.HeadersDemo -->
