<?xml version="1.0" encoding="UTF-8"?>
<!-- Generated by org.testng.reporters.JUnitReportReporter -->
<testsuite hostname="DESKTOP-GV8U5IU" failures="0" tests="1" name="sample3.CookiesDemo" time="3.251" errors="0" timestamp="2023-01-13T15:28:36 WAT" skipped="0">
  <testcase classname="sample3.CookiesDemo" name="getCookiesInfo" time="3.251"/>
  <system-out/>
</testsuite> <!-- sample3.CookiesDemo -->
