<?xml version="1.0" encoding="UTF-8"?>
<!-- Generated by org.testng.reporters.JUnitReportReporter -->
<testsuite hostname="DESKTOP-GV8U5IU" failures="0" tests="1" name="sample3.LoggingDemo" time="2.484" errors="0" timestamp="2023-01-13T20:11:50 WAT" skipped="0">
  <testcase classname="sample3.LoggingDemo" name="loggingResponse" time="2.484"/>
  <system-out/>
</testsuite> <!-- sample3.LoggingDemo -->
