<?xml version="1.0" encoding="UTF-8"?>
<!-- Generated by org.testng.reporters.JUnitReportReporter -->
<testsuite hostname="DESKTOP-GV8U5IU" failures="0" tests="4" name="sample1.HTTPRequests" time="5.650" errors="0" timestamp="2023-01-12T20:39:45 WAT" skipped="0">
  <testcase classname="sample1.HTTPRequests" name="getUsers" time="3.659"/>
  <system-out/>
  <testcase classname="sample1.HTTPRequests" name="createUser" time="0.926"/>
  <system-out/>
  <testcase classname="sample1.HTTPRequests" name="updateUser" time="0.518"/>
  <system-out/>
  <testcase classname="sample1.HTTPRequests" name="deleteUser" time="0.547"/>
  <system-out/>
</testsuite> <!-- sample1.HTTPRequests -->
