<?xml version="1.0" encoding="UTF-8"?>
<!-- Generated by org.testng.reporters.JUnitReportReporter -->
<testsuite hostname="DESKTOP-GV8U5IU" failures="0" tests="1" name="sample3.PathAndQueryParameters" time="10.354" errors="0" timestamp="2023-01-13T14:04:01 WAT" skipped="0">
  <testcase classname="sample3.PathAndQueryParameters" name="testPathAndQueryParameters" time="10.354"/>
  <system-out/>
</testsuite> <!-- sample3.PathAndQueryParameters -->
